[    0.000000] Linux version 4.15.0-51-generic (buildd@lgw01-amd64-059) (gcc version 7.3.0 (Ubuntu 7.3.0-16ubuntu3)) #55-Ubuntu SMP Wed May 15 14:27:21 UTC 2019 (Ubuntu 4.15.0-51.55-generic 4.15.18)
[    0.000000] Command line: BOOT_IMAGE=/boot/vmlinuz-4.15.0-51-generic root=LABEL=cloudimg-rootfs ro console=tty1 console=ttyS0
[    0.000000] KERNEL supported cpus:
[    0.000000]   Intel GenuineIntel
[    0.000000]   AMD AuthenticAMD
[    0.000000]   Centaur CentaurHauls
[    0.000000] x86/fpu: Supporting XSAVE feature 0x001: 'x87 floating point registers'
[    0.000000] x86/fpu: Supporting XSAVE feature 0x002: 'SSE registers'
[    0.000000] x86/fpu: Supporting XSAVE feature 0x004: 'AVX registers'
[    0.000000] x86/fpu: xstate_offset[2]:  576, xstate_sizes[2]:  256
[    0.000000] x86/fpu: Enabled xstate features 0x7, context size is 832 bytes, using 'standard' format.
[    0.000000] e820: BIOS-provided physical RAM map:
[    0.000000] BIOS-e820: [mem 0x0000000000000000-0x000000000009fbff] usable
[    0.000000] BIOS-e820: [mem 0x000000000009fc00-0x000000000009ffff] reserved
[    0.000000] BIOS-e820: [mem 0x00000000000f0000-0x00000000000fffff] reserved
[    0.000000] BIOS-e820: [mem 0x0000000000100000-0x000000007ffeffff] usable
[    0.000000] BIOS-e820: [mem 0x000000007fff0000-0x000000007fffffff] ACPI data
[    0.000000] BIOS-e820: [mem 0x00000000fec00000-0x00000000fec00fff] reserved
[    0.000000] BIOS-e820: [mem 0x00000000fee00000-0x00000000fee00fff] reserved
[    0.000000] BIOS-e820: [mem 0x00000000fffc0000-0x00000000ffffffff] reserved
[    0.000000] NX (Execute Disable) protection: active
[    0.000000] SMBIOS 2.5 present.
[    0.000000] DMI: innotek GmbH VirtualBox/VirtualBox, BIOS VirtualBox 12/01/2006
[    0.000000] Hypervisor detected: KVM
[    0.000000] e820: last_pfn = 0x7fff0 max_arch_pfn = 0x400000000
[    0.000000] x86/PAT: Configuration [0-7]: WB  WC  UC- UC  WB  WP  UC- WT  
[    0.000000] found SMP MP-table at [mem 0x0009fbf0-0x0009fbff] mapped at [        (ptrval)]
[    0.000000] Scanning 1 areas for low memory corruption
[    0.000000] RAMDISK: [mem 0x35a95000-0x36d41fff]
[    0.000000] ACPI: Early table checksum verification disabled
[    0.000000] ACPI: RSDP 0x00000000000E0000 000024 (v02 VBOX  )
[    0.000000] ACPI: XSDT 0x000000007FFF0030 00003C (v01 VBOX   VBOXXSDT 00000001 ASL  00000061)
[    0.000000] ACPI: FACP 0x000000007FFF00F0 0000F4 (v04 VBOX   VBOXFACP 00000001 ASL  00000061)
[    0.000000] ACPI: DSDT 0x000000007FFF0610 002353 (v02 VBOX   VBOXBIOS 00000002 INTL 20100528)
[    0.000000] ACPI: FACS 0x000000007FFF0200 000040
[    0.000000] ACPI: FACS 0x000000007FFF0200 000040
[    0.000000] ACPI: APIC 0x000000007FFF0240 00005C (v02 VBOX   VBOXAPIC 00000001 ASL  00000061)
[    0.000000] ACPI: SSDT 0x000000007FFF02A0 00036C (v01 VBOX   VBOXCPUT 00000002 INTL 20100528)
[    0.000000] No NUMA configuration found
[    0.000000] Faking a node at [mem 0x0000000000000000-0x000000007ffeffff]
[    0.000000] NODE_DATA(0) allocated [mem 0x7ffc5000-0x7ffeffff]
[    0.000000] kvm-clock: cpu 0, msr 0:7ff44001, primary cpu clock
[    0.000000] kvm-clock: Using msrs 4b564d01 and 4b564d00
[    0.000000] kvm-clock: using sched offset of 3452909611 cycles
[    0.000000] clocksource: kvm-clock: mask: 0xffffffffffffffff max_cycles: 0x1cd42e4dffb, max_idle_ns: 881590591483 ns
[    0.000000] Zone ranges:
[    0.000000]   DMA      [mem 0x0000000000001000-0x0000000000ffffff]
[    0.000000]   DMA32    [mem 0x0000000001000000-0x000000007ffeffff]
[    0.000000]   Normal   empty
[    0.000000]   Device   empty
[    0.000000] Movable zone start for each node
[    0.000000] Early memory node ranges
[    0.000000]   node   0: [mem 0x0000000000001000-0x000000000009efff]
[    0.000000]   node   0: [mem 0x0000000000100000-0x000000007ffeffff]
[    0.000000] Reserved but unavailable: 114 pages
[    0.000000] Initmem setup node 0 [mem 0x0000000000001000-0x000000007ffeffff]
[    0.000000] ACPI: PM-Timer IO Port: 0x4008
[    0.000000] IOAPIC[0]: apic_id 2, version 32, address 0xfec00000, GSI 0-23
[    0.000000] ACPI: INT_SRC_OVR (bus 0 bus_irq 0 global_irq 2 dfl dfl)
[    0.000000] ACPI: INT_SRC_OVR (bus 0 bus_irq 9 global_irq 9 low level)
[    0.000000] Using ACPI (MADT) for SMP configuration information
[    0.000000] smpboot: Allowing 2 CPUs, 0 hotplug CPUs
[    0.000000] PM: Registered nosave memory: [mem 0x00000000-0x00000fff]
[    0.000000] PM: Registered nosave memory: [mem 0x0009f000-0x0009ffff]
[    0.000000] PM: Registered nosave memory: [mem 0x000a0000-0x000effff]
[    0.000000] PM: Registered nosave memory: [mem 0x000f0000-0x000fffff]
[    0.000000] e820: [mem 0x80000000-0xfebfffff] available for PCI devices
[    0.000000] Booting paravirtualized kernel on KVM
[    0.000000] clocksource: refined-jiffies: mask: 0xffffffff max_cycles: 0xffffffff, max_idle_ns: 7645519600211568 ns
[    0.000000] random: get_random_bytes called from start_kernel+0x99/0x4fd with crng_init=0
[    0.000000] setup_percpu: NR_CPUS:8192 nr_cpumask_bits:2 nr_cpu_ids:2 nr_node_ids:1
[    0.000000] percpu: Embedded 46 pages/cpu @        (ptrval) s151552 r8192 d28672 u1048576
[    0.000000] PV qspinlock hash table entries: 256 (order: 0, 4096 bytes)
[    0.000000] Built 1 zonelists, mobility grouping on.  Total pages: 515961
[    0.000000] Policy zone: DMA32
[    0.000000] Kernel command line: BOOT_IMAGE=/boot/vmlinuz-4.15.0-51-generic root=LABEL=cloudimg-rootfs ro console=tty1 console=ttyS0
[    0.000000] Memory: 2015652K/2096696K available (12300K kernel code, 2473K rwdata, 4272K rodata, 2408K init, 2416K bss, 81044K reserved, 0K cma-reserved)
[    0.000000] SLUB: HWalign=64, Order=0-3, MinObjects=0, CPUs=2, Nodes=1
[    0.000000] Kernel/User page tables isolation: enabled
[    0.000000] ftrace: allocating 39215 entries in 154 pages
[    0.004000] Hierarchical RCU implementation.
[    0.004000] 	RCU restricting CPUs from NR_CPUS=8192 to nr_cpu_ids=2.
[    0.004000] 	Tasks RCU enabled.
[    0.004000] RCU: Adjusting geometry for rcu_fanout_leaf=16, nr_cpu_ids=2
[    0.004000] NR_IRQS: 524544, nr_irqs: 440, preallocated irqs: 16
[    0.004000] Console: colour VGA+ 80x25
[    0.004000] console [tty1] enabled
[    0.004000] console [ttyS0] enabled
[    0.004000] ACPI: Core revision 20170831
[    0.004000] ACPI: 2 ACPI AML tables successfully acquired and loaded
[    0.004000] APIC: Switch to symmetric I/O mode setup
[    0.004000] x2apic enabled
[    0.004000] Switched APIC routing to physical x2apic.
[    0.004658] ..TIMER: vector=0x30 apic1=0 pin1=2 apic2=-1 pin2=-1
[    0.008002] tsc: Detected 2904.002 MHz processor
[    0.009020] Calibrating delay loop (skipped) preset value.. 5808.00 BogoMIPS (lpj=11616008)
[    0.012002] pid_max: default: 32768 minimum: 301
[    0.013126] Security Framework initialized
[    0.014054] Yama: becoming mindful.
[    0.014876] AppArmor: AppArmor initialized
[    0.016343] Dentry cache hash table entries: 262144 (order: 9, 2097152 bytes)
[    0.018002] Inode-cache hash table entries: 131072 (order: 8, 1048576 bytes)
[    0.019515] Mount-cache hash table entries: 4096 (order: 3, 32768 bytes)
[    0.020006] Mountpoint-cache hash table entries: 4096 (order: 3, 32768 bytes)
[    0.021782] mce: CPU supports 0 MCE banks
[    0.022702] Last level iTLB entries: 4KB 64, 2MB 8, 4MB 8
[    0.024002] Last level dTLB entries: 4KB 64, 2MB 0, 4MB 0, 1GB 4
[    0.025260] Spectre V2 : Mitigation: Full generic retpoline
[    0.026496] Spectre V2 : Spectre v2 / SpectreRSB mitigation: Filling RSB on context switch
[    0.028002] Speculative Store Bypass: Vulnerable
[    0.029023] MDS: Mitigation: Clear CPU buffers
[    0.030119] Freeing SMP alternatives memory: 36K
[    0.036000] smpboot: CPU0: Intel(R) Core(TM) i7-7500U CPU @ 2.70GHz (family: 0x6, model: 0x8e, stepping: 0x9)
[    0.036000] Performance Events: unsupported p6 CPU model 142 no PMU driver, software events only.
[    0.036030] Hierarchical SRCU implementation.
[    0.037687] NMI watchdog: Perf event create on CPU 0 failed with -2
[    0.039007] NMI watchdog: Perf NMI watchdog permanently disabled
[    0.040043] smp: Bringing up secondary CPUs ...
[    0.041120] x86: Booting SMP configuration:
[    0.042086] .... node  #0, CPUs:      #1
[    0.004000] kvm-clock: cpu 1, msr 0:7ff44041, secondary cpu clock
[    0.004000] mce: CPU supports 0 MCE banks
[    0.047240] smp: Brought up 1 node, 2 CPUs
[    0.048003] smpboot: Max logical packages: 1
[    0.048954] smpboot: Total of 2 processors activated (11616.00 BogoMIPS)
[    0.050723] devtmpfs: initialized
[    0.050723] x86/mm: Memory block size: 128MB
[    0.052242] evm: security.selinux
[    0.053012] evm: security.SMACK64
[    0.053760] evm: security.SMACK64EXEC
[    0.054588] evm: security.SMACK64TRANSMUTE
[    0.056004] evm: security.SMACK64MMAP
[    0.057162] evm: security.apparmor
[    0.058282] evm: security.ima
[    0.059270] evm: security.capability
[    0.060110] clocksource: jiffies: mask: 0xffffffff max_cycles: 0xffffffff, max_idle_ns: 7645041785100000 ns
[    0.061734] futex hash table entries: 512 (order: 3, 32768 bytes)
[    0.064043] pinctrl core: initialized pinctrl subsystem
[    0.065063] RTC time: 20:39:45, date: 02/05/25
[    0.066026] NET: Registered protocol family 16
[    0.066910] audit: initializing netlink subsys (disabled)
[    0.067938] audit: type=2000 audit(1738787990.899:1): state=initialized audit_enabled=0 res=1
[    0.068071] cpuidle: using governor ladder
[    0.068778] cpuidle: using governor menu
[    0.069538] ACPI: bus type PCI registered
[    0.070290] acpiphp: ACPI Hot Plug PCI Controller Driver version: 0.5
[    0.072104] PCI: Using configuration type 1 for base access
[    0.073131] HugeTLB registered 2.00 MiB page size, pre-allocated 0 pages
[    0.076074] ACPI: Added _OSI(Module Device)
[    0.076841] ACPI: Added _OSI(Processor Device)
[    0.077641] ACPI: Added _OSI(3.0 _SCP Extensions)
[    0.078487] ACPI: Added _OSI(Processor Aggregator Device)
[    0.080003] ACPI: Added _OSI(Linux-Dell-Video)
[    0.080810] ACPI: Added _OSI(Linux-Lenovo-NV-HDMI-Audio)
[    0.081743] ACPI: Added _OSI(Linux-HPI-Hybrid-Graphics)
[    0.084035] ACPI: Executed 1 blocks of module-level executable AML code
[    0.088784] ACPI: Interpreter enabled
[    0.089474] ACPI: (supports S0 S5)
[    0.090111] ACPI: Using IOAPIC for interrupt routing
[    0.091272] PCI: Using host bridge windows from ACPI; if necessary, use "pci=nocrs" and report a bug
[    0.092170] ACPI: Enabled 2 GPEs in block 00 to 07
[    0.101249] ACPI: PCI Root Bridge [PCI0] (domain 0000 [bus 00-ff])
[    0.102378] acpi PNP0A03:00: _OSC: OS supports [ASPM ClockPM Segments MSI]
[    0.104000] acpi PNP0A03:00: _OSC: not requesting OS control; OS requires [ExtendedConfig ASPM ClockPM MSI]
[    0.104011] acpi PNP0A03:00: fail to add MMCONFIG information, can't access extended PCI configuration space under this bridge.
[    0.108367] PCI host bridge to bus 0000:00
[    0.109119] pci_bus 0000:00: root bus resource [io  0x0000-0x0cf7 window]
[    0.110292] pci_bus 0000:00: root bus resource [io  0x0d00-0xffff window]
[    0.111451] pci_bus 0000:00: root bus resource [mem 0x000a0000-0x000bffff window]
[    0.112004] pci_bus 0000:00: root bus resource [mem 0x80000000-0xfdffffff window]
[    0.113344] pci_bus 0000:00: root bus resource [bus 00-ff]
[    0.117138] pci 0000:00:01.1: legacy IDE quirk: reg 0x10: [io  0x01f0-0x01f7]
[    0.118357] pci 0000:00:01.1: legacy IDE quirk: reg 0x14: [io  0x03f6]
[    0.119486] pci 0000:00:01.1: legacy IDE quirk: reg 0x18: [io  0x0170-0x0177]
[    0.120002] pci 0000:00:01.1: legacy IDE quirk: reg 0x1c: [io  0x0376]
[    0.143198] pci 0000:00:07.0: quirk: [io  0x4000-0x403f] claimed by PIIX4 ACPI
[    0.144015] pci 0000:00:07.0: quirk: [io  0x4100-0x410f] claimed by PIIX4 SMB
[    0.165856] ACPI: PCI Interrupt Link [LNKA] (IRQs 5 9 10 *11)
[    0.167313] ACPI: PCI Interrupt Link [LNKB] (IRQs 5 9 *10 11)
[    0.168125] ACPI: PCI Interrupt Link [LNKC] (IRQs 5 *9 10 11)
[    0.169248] ACPI: PCI Interrupt Link [LNKD] (IRQs 5 9 10 *11)
[    0.170557] SCSI subsystem initialized
[    0.171325] pci 0000:00:02.0: vgaarb: setting as boot VGA device
[    0.171325] pci 0000:00:02.0: vgaarb: VGA device added: decodes=io+mem,owns=io+mem,locks=none
[    0.172008] pci 0000:00:02.0: vgaarb: bridge control possible
[    0.173023] vgaarb: loaded
[    0.173600] ACPI: bus type USB registered
[    0.176023] usbcore: registered new interface driver usbfs
[    0.177019] usbcore: registered new interface driver hub
[    0.177972] usbcore: registered new device driver usb
[    0.178920] EDAC MC: Ver: 3.0.0
[    0.180167] PCI: Using ACPI for IRQ routing
[    0.181100] NetLabel: Initializing
[    0.181747] NetLabel:  domain hash size = 128
[    0.182546] NetLabel:  protocols = UNLABELED CIPSOv4 CALIPSO
[    0.183559] NetLabel:  unlabeled traffic allowed by default
[    0.184074] clocksource: Switched to clocksource kvm-clock
[    0.196048] VFS: Disk quotas dquot_6.6.0
[    0.196820] VFS: Dquot-cache hash table entries: 512 (order 0, 4096 bytes)
[    0.198130] AppArmor: AppArmor Filesystem Enabled
[    0.198994] pnp: PnP ACPI init
[    0.200706] pnp: PnP ACPI: found 3 devices
[    0.208685] clocksource: acpi_pm: mask: 0xffffff max_cycles: 0xffffff, max_idle_ns: 2085701024 ns
[    0.210323] NET: Registered protocol family 2
[    0.211260] TCP established hash table entries: 16384 (order: 5, 131072 bytes)
[    0.212632] TCP bind hash table entries: 16384 (order: 6, 262144 bytes)
[    0.213860] TCP: Hash tables configured (established 16384 bind 16384)
[    0.215036] UDP hash table entries: 1024 (order: 3, 32768 bytes)
[    0.216092] UDP-Lite hash table entries: 1024 (order: 3, 32768 bytes)
[    0.217270] NET: Registered protocol family 1
[    0.218077] pci 0000:00:00.0: Limiting direct PCI/PCI transfers
[    0.219160] pci 0000:00:01.0: Activating ISA DMA hang workarounds
[    0.220307] pci 0000:00:02.0: Video device with shadowed ROM at [mem 0x000c0000-0x000dffff]
[    0.221954] Unpacking initramfs...
[    0.459231] Freeing initrd memory: 19124K
[    0.460325] clocksource: tsc: mask: 0xffffffffffffffff max_cycles: 0x29dc079b5d9, max_idle_ns: 440795223751 ns
[    0.462344] platform rtc_cmos: registered platform RTC device (no PNP device found)
[    0.463952] Scanning for low memory corruption every 60 seconds
[    0.465803] Initialise system trusted keyrings
[    0.466766] Key type blacklist registered
[    0.467723] workingset: timestamp_bits=36 max_order=19 bucket_order=0
[    0.470299] zbud: loaded
[    0.471508] squashfs: version 4.0 (2009/01/31) Phillip Lougher
[    0.473036] fuse init (API version 7.26)
[    0.475692] Key type asymmetric registered
[    0.477115] Asymmetric key parser 'x509' registered
[    0.478114] Block layer SCSI generic (bsg) driver version 0.4 loaded (major 246)
[    0.479778] io scheduler noop registered
[    0.480658] io scheduler deadline registered
[    0.481609] io scheduler cfq registered (default)
[    0.482921] ACPI: AC Adapter [AC] (on-line)
[    0.483863] input: Power Button as /devices/LNXSYSTM:00/LNXPWRBN:00/input/input0
[    0.485503] ACPI: Power Button [PWRF]
[    0.486352] input: Sleep Button as /devices/LNXSYSTM:00/LNXSLPBN:00/input/input1
[    0.487887] ACPI: Sleep Button [SLPF]
[    0.489040] Serial: 8250/16550 driver, 32 ports, IRQ sharing enabled
[    0.490236] ACPI: Battery Slot [BAT0] (battery present)
[    0.510829] 00:02: ttyS0 at I/O 0x3f8 (irq = 4, base_baud = 115200) is a 16550A
[    0.516563] Linux agpgart interface v0.103
[    0.518556] loop: module loaded
[    0.519755] scsi host0: ata_piix
[    0.520522] scsi host1: ata_piix
[    0.521170] ata1: PATA max UDMA/33 cmd 0x1f0 ctl 0x3f6 bmdma 0xd000 irq 14
[    0.522353] ata2: PATA max UDMA/33 cmd 0x170 ctl 0x376 bmdma 0xd008 irq 15
[    0.523994] libphy: Fixed MDIO Bus: probed
[    0.524783] tun: Universal TUN/TAP device driver, 1.6
[    0.525730] PPP generic driver version 2.4.2
[    0.526586] ehci_hcd: USB 2.0 'Enhanced' Host Controller (EHCI) Driver
[    0.527726] ehci-pci: EHCI PCI platform driver
[    0.528561] ehci-platform: EHCI generic platform driver
[    0.529543] ohci_hcd: USB 1.1 'Open' Host Controller (OHCI) Driver
[    0.530616] ohci-pci: OHCI PCI platform driver
[    0.531423] ohci-platform: OHCI generic platform driver
[    0.532413] uhci_hcd: USB Universal Host Controller Interface driver
[    0.533565] i8042: PNP: PS/2 Controller [PNP0303:PS2K,PNP0f03:PS2M] at 0x60,0x64 irq 1,12
[    0.535456] serio: i8042 KBD port at 0x60,0x64 irq 1
[    0.536393] serio: i8042 AUX port at 0x60,0x64 irq 12
[    0.537476] mousedev: PS/2 mouse device common for all mice
[    0.539221] input: AT Translated Set 2 keyboard as /devices/platform/i8042/serio0/input/input2
[    0.540091] rtc_cmos rtc_cmos: rtc core: registered rtc_cmos as rtc0
[    0.540194] rtc_cmos rtc_cmos: alarms up to one day, 114 bytes nvram
[    0.540206] i2c /dev entries driver
[    0.540320] device-mapper: uevent: version 1.0.3
[    0.540400] device-mapper: ioctl: 4.37.0-ioctl (2017-09-20) initialised: dm-devel@redhat.com
[    0.546142] ledtrig-cpu: registered to indicate activity on CPUs
[    0.547848] NET: Registered protocol family 10
[    0.552740] Segment Routing with IPv6
[    0.553611] NET: Registered protocol family 17
[    0.554690] Key type dns_resolver registered
[    0.555856] RAS: Correctable Errors collector initialized.
[    0.557154] sched_clock: Marking stable (557139668, 0)->(850295698, -293156030)
[    0.558974] registered taskstats version 1
[    0.559892] Loading compiled-in X.509 certificates
[    0.563653] Loaded X.509 cert 'Build time autogenerated kernel key: c1fa4cde9d34780ae4ae655b856adc042b663c06'
[    0.566834] zswap: loaded using pool lzo/zbud
[    0.571406] Key type big_key registered
[    0.572406] Key type trusted registered
[    0.574909] Key type encrypted registered
[    0.576204] AppArmor: AppArmor sha1 policy hashing enabled
[    0.577881] ima: No TPM chip found, activating TPM-bypass! (rc=-19)
[    0.579775] ima: Allocated hash algorithm: sha1
[    0.581215] evm: HMAC attrs: 0x1
[    0.582553]   Magic number: 13:604:699
[    0.583533] rtc_cmos rtc_cmos: setting system clock to 2025-02-05 20:39:46 UTC (1738787986)
[    0.585439] BIOS EDD facility v0.16 2004-Jun-25, 0 devices found
[    0.586677] EDD information not available.
[    0.715001] Freeing unused kernel image memory: 2408K
[    0.724071] Write protecting the kernel read-only data: 20480k
[    0.726542] Freeing unused kernel image memory: 2008K
[    0.728462] Freeing unused kernel image memory: 1872K
[    0.741808] x86/mm: Checked W+X mappings: passed, no W+X pages found.
[    0.743431] x86/mm: Checking user space page tables
[    0.755243] x86/mm: Checked W+X mappings: passed, no W+X pages found.
Loading, please wait...
starting version 237
[    0.830089] e1000: Intel(R) PRO/1000 Network Driver - version 7.3.21-k8-NAPI
[    0.831342] e1000: Copyright (c) 1999-2006 Intel Corporation.
[    0.835465] Fusion MPT base driver 3.04.20
[    0.836553] Copyright (c) 1999-2008 LSI Corporation
[    0.862577] Fusion MPT SPI Host driver 3.04.20
[    0.866850] AVX2 version of gcm_enc/dec engaged.
[    0.868302] AES CTR mode by8 optimization enabled
[    1.058934] input: ImExPS/2 Generic Explorer Mouse as /devices/platform/i8042/serio1/input/input4
[    1.267348] e1000 0000:00:03.0 eth0: (PCI:33MHz:32-bit) 02:44:a0:33:03:e1
[    1.268751] e1000 0000:00:03.0 eth0: Intel(R) PRO/1000 Network Connection
[    2.244807] e1000 0000:00:08.0 eth1: (PCI:33MHz:32-bit) 08:00:27:24:f2:ac
[    2.249131] e1000 0000:00:08.0 eth1: Intel(R) PRO/1000 Network Connection
[    2.253146] mptbase: ioc0: Initiating bringup
[    2.361271] ioc0: LSI53C1030 A0: Capabilities={Initiator}
[    2.610249] scsi host2: ioc0: LSI53C1030 A0, FwRev=00000000h, Ports=1, MaxQ=256, IRQ=20
[    2.790257] scsi 2:0:0:0: Direct-Access     VBOX     HARDDISK         1.0  PQ: 0 ANSI: 5
[    2.948110] scsi target2:0:0: Beginning Domain Validation
[    2.950919] scsi target2:0:0: Domain Validation skipping write tests
[    2.952782] scsi target2:0:0: Ending Domain Validation
[    2.954245] scsi target2:0:0: asynchronous
[    2.956182] scsi 2:0:1:0: Direct-Access     VBOX     HARDDISK         1.0  PQ: 0 ANSI: 5
[    3.188309] scsi target2:0:1: Beginning Domain Validation
[    3.190318] random: fast init done
[    3.191618] scsi target2:0:1: Domain Validation skipping write tests
[    3.193516] scsi target2:0:1: Ending Domain Validation
[    3.195122] scsi target2:0:1: asynchronous
[    3.200358] sd 2:0:0:0: Attached scsi generic sg0 type 0
[    3.201982] sd 2:0:1:0: Attached scsi generic sg1 type 0
[    3.203862] sd 2:0:0:0: [sda] 20971520 512-byte logical blocks: (10.7 GB/10.0 GiB)
[    3.205805] sd 2:0:1:0: [sdb] 20480 512-byte logical blocks: (10.5 MB/10.0 MiB)
[    3.205878] sd 2:0:1:0: [sdb] Write Protect is off
[    3.205898] random: systemd-udevd: uninitialized urandom read (16 bytes read)
[    3.206004] sd 2:0:1:0: [sdb] Incomplete mode parameter data
[    3.206005] sd 2:0:1:0: [sdb] Assuming drive cache: write through
[    3.206033] random: systemd-udevd: uninitialized urandom read (16 bytes read)
[    3.206095] random: systemd-udevd: uninitialized urandom read (16 bytes read)
[    3.217502] e1000 0000:00:09.0 eth2: (PCI:33MHz:32-bit) 08:00:27:96:78:df
[    3.217505] e1000 0000:00:09.0 eth2: Intel(R) PRO/1000 Network Connection
[    3.222564] e1000 0000:00:03.0 enp0s3: renamed from eth0
[    3.227268] sd 2:0:0:0: [sda] Write Protect is off
[    3.228715] sd 2:0:0:0: [sda] Incomplete mode parameter data
[    3.231176] sd 2:0:0:0: [sda] Assuming drive cache: write through
[    3.232503] sd 2:0:1:0: [sdb] Attached SCSI disk
[    3.235779]  sda: sda1
[    3.237306] sd 2:0:0:0: [sda] Attached SCSI disk
[    3.237967] e1000 0000:00:09.0 enp0s9: renamed from eth2
[    3.261609] e1000 0000:00:08.0 enp0s8: renamed from eth1
Begin: Loading essential drivers ... [    4.880050] raid6: sse2x1   gen()  8383 MB/s
[    4.928072] raid6: sse2x1   xor()  8198 MB/s
[    4.976060] raid6: sse2x2   gen() 13838 MB/s
[    5.024097] raid6: sse2x2   xor()  9478 MB/s
[    5.072052] raid6: sse2x4   gen() 15926 MB/s
[    5.120052] raid6: sse2x4   xor()  7872 MB/s
[    5.168061] raid6: avx2x1   gen() 22376 MB/s
[    5.216093] raid6: avx2x1   xor() 16543 MB/s
[    5.264092] raid6: avx2x2   gen() 28076 MB/s
[    5.312097] raid6: avx2x2   xor() 18228 MB/s
[    5.360058] raid6: avx2x4   gen() 30046 MB/s
[    5.408091] raid6: avx2x4   xor() 19385 MB/s
[    5.409035] raid6: using algorithm avx2x4 gen() 30046 MB/s
[    5.410211] raid6: .... xor() 19385 MB/s, rmw enabled
[    5.411229] raid6: using avx2x2 recovery algorithm
[    5.413083] xor: automatically using best checksumming function   avx       
[    5.415637] async_tx: api initialized (async)
done.
Begin: Running /scripts/init-premount ... done.
Begin: Mounting root file system ... Begin: Running /scripts/local-top ... done.
Begin: Running /scripts/local-premount ... [    5.456742] Btrfs loaded, crc32c=crc32c-intel
Scanning for Btrfs filesystems
done.
Warning: fsck not present, so skipping root file system
[    5.493834] EXT4-fs (sda1): mounted filesystem with ordered data mode. Opts: (null)
done.
Begin: Running /scripts/local-bottom ... done.
Begin: Running /scripts/init-bottom ... done.
[    5.662036] ip_tables: (C) 2000-2006 Netfilter Core Team
[    5.671023] systemd[1]: systemd 237 running in system mode. (+PAM +AUDIT +SELINUX +IMA +APPARMOR +SMACK +SYSVINIT +UTMP +LIBCRYPTSETUP +GCRYPT +GNUTLS +ACL +XZ +LZ4 +SECCOMP +BLKID +ELFUTILS +KMOD -IDN2 +IDN -PCRE2 default-hierarchy=hybrid)
[    5.676967] systemd[1]: Detected virtualization oracle.
[    5.678032] systemd[1]: Detected architecture x86-64.

Welcome to [1mUbuntu 18.04.2 LTS[0m!

[    5.692897] systemd[1]: Set hostname to <ubuntu>.
[    5.697900] systemd[1]: Initializing machine ID from random generator.
[    5.699079] systemd[1]: Installed transient /etc/machine-id file.
[    5.924338] systemd[1]: Started Forward Password Requests to Wall Directory Watch.
[[0;32m  OK  [0m] Started Forward Password Requests to Wall Directory Watch.
[    5.929745] systemd[1]: Created slice User and Session Slice.
[[0;32m  OK  [0m] Created slice User and Session Slice.
[    5.932968] systemd[1]: Reached target System Time Synchronized.
[[0;32m  OK  [0m] Reached target System Time Synchronized.
[    5.936625] systemd[1]: Created slice System Slice.
[[0;32m  OK  [0m] Created slice System Slice.
[[0;32m  OK  [0m] Listening on Journal Socket.
         Starting Set the console keyboard layout...
         Starting Create list of required st…ce nodes for the current kernel...
[[0;32m  OK  [0m] Listening on LVM2 metadata daemon socket.
[[0;32m  OK  [0m] Listening on LVM2 poll daemon socket.
[[0;32m  OK  [0m] Listening on Syslog Socket.
         Starting Load Kernel Modules...
         Mounting Kernel Debug File System...
[[0;32m  OK  [0m] Reached target Slices.
[[0;32m  OK  [0m] Listening on udev Control Socket.
         Starting Uncomplicated firewall...
[[0;32m  OK  [0m] Listening on Network Service Netlink Socket.
         Mounting Huge Pages File System...
[[0;32m  OK  [0m] Listening on Journal Audit Socket.
         Mounting POSIX Message Queue File System...
[[0;32m  OK  [0m] Listening on udev Kernel Socket.
[[0;32m  OK  [0m] Created slice system-serial\x2dgetty.slice.
[[0;32m  OK  [0m] Listening on Device-mapper event daemon FIFOs.
         Starting Remount Root and Kernel File Systems...
         Starting udev Coldplug all Devices...
         Starting Monitoring of LVM2 mirrors…ng dmeventd or progress polling...
[[0;32m  OK  [0m] Set up automount Arbitrary Executab…rmats File System Automount Point.
[[0;32m  OK  [0m] Listening on Journal Socket (/dev/log).
         Starting Journal Service...
[[0;32m  OK  [0m] Reached target Swap.
[[0;32m  OK  [0m] Listening on /dev/initctl Compatibility Named Pipe.
[[0;32m  OK  [0m] Reached target User and Group Name Lookups.
[[0;32m  OK  [0m] Started Create list of required sta…vice nodes for the current kernel.
[[0;32m  OK  [0m] Started Uncomplicated firewall.
         Starting Create Static Device Nodes in /dev...
[[0;32m  OK  [0m] Mounted Huge Pages File System.
[[0;32m  OK  [0m] Mounted Kernel Debug File System.
[[0;32m  OK  [0m] Mounted POSIX Message Queue File System.
[    6.065269] Loading iSCSI transport class v2.0-870.
[    6.080883] EXT4-fs (sda1): re-mounted. Opts: (null)
[[0;32m  OK  [0m] Started Remount Root and Kernel File Systems.
         Starting Load/Save Random Seed...
[    6.113089] iscsi: registered transport (tcp)
[    6.130786] iscsi: registered transport (iser)
[[0;32m  OK  [0m] Started Load Kernel Modules.
[[0;32m  OK  [0m] Started udev Coldplug all Devices.
[[0;32m  OK  [0m] Started LVM2 metadata daemon.
         Mounting Kernel Configuration File System...
         Starting Apply Kernel Variables...
         Mounting FUSE Control File System...
[[0;32m  OK  [0m] Started Journal Service.
[[0;32m  OK  [0m] Mounted Kernel Configuration File System.
         Starting Flush Journal to Persistent Storage...
[[0;32m  OK  [0m] Mounted FUSE Control File System.
[[0;32m  OK  [0m] Started Load/Save Random Seed.
[[0;32m  OK  [0m] Started Create Static Device Nodes in /dev.
         Starting udev Kernel Device Manager...
[[0;32m  OK  [0m] Started Apply Kernel Variables.
[[0;32m  OK  [0m] Started Set the console keyboard layout.
[[0;32m  OK  [0m] Started Monitoring of LVM2 mirrors,…sing dmeventd or progress polling.
[[0;32m  OK  [0m] Reached target Local File Systems (Pre).
[[0;32m  OK  [0m] Reached target Local File Systems.
         Starting ebtables ruleset management...
         Starting AppArmor initialization...
         Starting Commit a transient machine-id on disk...
         Starting Tell Plymouth To Write Out Runtime Data...
         Starting Set console font and keymap...
[[0;32m  OK  [0m] Started udev Kernel Device Manager.
[[0;32m  OK  [0m] Started Dispatch Password Requests to Console Directory Watch.
[[0;32m  OK  [0m] Reached target Local Encrypted Volumes.
[[0;32m  OK  [0m] Started Flush Journal to Persistent Storage.
         Starting Create Volatile Files and Directories...
[[0;32m  OK  [0m] Started Tell Plymouth To Write Out Runtime Data.
[[0;32m  OK  [0m] Started Set console font and keymap.
[[0;32m  OK  [0m] Started Create Volatile Files and Directories.
         Starting Update UTMP about System Boot/Shutdown...
[[0;32m  OK  [0m] Started Commit a transient machine-id on disk.
[[0;32m  OK  [0m] Started Update UTMP about System Boot/Shutdown.
[[0;32m  OK  [0m] Started ebtables ruleset management.
[[0;32m  OK  [0m] Found device /dev/ttyS0.
[[0;32m  OK  [0m] Listening on Load/Save RF Kill Switch Status /dev/rfkill Watch.
[[0;32m  OK  [0m] Started AppArmor initialization.
         Starting Initial cloud-init job (pre-networking)...
[    9.782010] cloud-init[538]: Cloud-init v. 19.1-1-gbaa47854-0ubuntu1~18.04.1 running 'init-local' at Wed, 05 Feb 2025 20:39:55 +0000. Up 9.30 seconds.
[[0;32m  OK  [0m] Started Initial cloud-init job (pre-networking).
[[0;32m  OK  [0m] Reached target Network (Pre).
         Starting Network Service...
[[0;32m  OK  [0m] Started Network Service.
         Starting Network Name Resolution...
         Starting Wait for Network to be Configured...
[[0;32m  OK  [0m] Started Network Name Resolution.
[[0;32m  OK  [0m] Reached target Host and Network Name Lookups.
[[0;32m  OK  [0m] Reached target Network.
[[0;32m  OK  [0m] Started Wait for Network to be Configured.
         Starting Initial cloud-init job (metadata service crawler)...
[   12.172449] cloud-init[657]: Cloud-init v. 19.1-1-gbaa47854-0ubuntu1~18.04.1 running 'init' at Wed, 05 Feb 2025 20:39:57 +0000. Up 11.89 seconds.
[   12.175550] cloud-init[657]: ci-info: ++++++++++++++++++++++++++++++++++++++Net device info++++++++++++++++++++++++++++++++++++++
[   12.178284] cloud-init[657]: ci-info: +--------+-------+---------------------------+---------------+--------+-------------------+
[   12.180665] cloud-init[657]: ci-info: | Device |   Up  |          Address          |      Mask     | Scope  |     Hw-Address    |
[   12.182643] cloud-init[657]: ci-info: +--------+-------+---------------------------+---------------+--------+-------------------+
[   12.184393] cloud-init[657]: ci-info: | enp0s3 |  True |         10.0.2.15         | 255.255.255.0 | global | 02:44:a0:33:03:e1 |
[   12.187581] cloud-init[657]: ci-info: | enp0s3 |  True | fd00::44:a0ff:fe33:3e1/64 |       .       | global | 02:44:a0:33:03:e1 |
[   12.191371] cloud-init[657]: ci-info: | enp0s3 |  True | fe80::44:a0ff:fe33:3e1/64 |       .       |  link  | 02:44:a0:33:03:e1 |
[   12.193865] cloud-init[657]: ci-info: | enp0s8 | False |             .             |       .       |   .    | 08:00:27:24:f2:ac |
[   12.196618] cloud-init[657]: ci-info: | enp0s9 | False |             .             |       .       |   .    | 08:00:27:96:78:df |
[   12.199109] cloud-init[657]: ci-info: |   lo   |  True |         127.0.0.1         |   255.0.0.0   |  host  |         .         |
[   12.213024] cloud-init[657]: ci-info: |   lo   |  True |          ::1/128          |       .       |  host  |         .         |
[   12.215591] cloud-init[657]: ci-info: +--------+-------+---------------------------+---------------+--------+-------------------+
[   12.218730] cloud-init[657]: ci-info: ++++++++++++++++++++++++++++Route IPv4 info+++++++++++++++++++++++++++++
[   12.220857] cloud-init[657]: ci-info: +-------+-------------+----------+-----------------+-----------+-------+
[   12.224015] cloud-init[657]: ci-info: | Route | Destination | Gateway  |     Genmask     | Interface | Flags |
[   12.227181] cloud-init[657]: ci-info: +-------+-------------+----------+-----------------+-----------+-------+
[   12.228840] cloud-init[657]: ci-info: |   0   |   0.0.0.0   | 10.0.2.2 |     0.0.0.0     |   enp0s3  |   UG  |
[   12.230826] cloud-init[657]: ci-info: |   1   |   10.0.2.0  | 0.0.0.0  |  255.255.255.0  |   enp0s3  |   U   |
[   12.232434] cloud-init[657]: ci-info: |   2   |   10.0.2.2  | 0.0.0.0  | 255.255.255.255 |   enp0s3  |   UH  |
[   12.234232] cloud-init[657]: ci-info: +-------+-------------+----------+-----------------+-----------+-------+
[   12.235756] cloud-init[657]: ci-info: +++++++++++++++++++Route IPv6 info+++++++++++++++++++
[   12.248175] cloud-init[657]: ci-info: +-------+-------------+---------+-----------+-------+
[   12.254794] cloud-init[657]: ci-info: | Route | Destination | Gateway | Interface | Flags |
[   12.256915] cloud-init[657]: ci-info: +-------+-------------+---------+-----------+-------+
[   12.258673] cloud-init[657]: ci-info: |   1   |  fd00::/64  |    ::   |   enp0s3  |   U   |
[   12.260424] cloud-init[657]: ci-info: |   2   |  fe80::/64  |    ::   |   enp0s3  |   U   |
[   12.262255] cloud-init[657]: ci-info: |   3   |     ::/0    | fe80::2 |   enp0s3  |   UG  |
[   12.264349] cloud-init[657]: ci-info: |   5   |    local    |    ::   |   enp0s3  |   U   |
[   12.266398] cloud-init[657]: ci-info: |   6   |   ff00::/8  |    ::   |   enp0s3  |   U   |
[   12.268027] cloud-init[657]: ci-info: +-------+-------------+---------+-----------+-------+
[   12.953200] cloud-init[657]: Generating public/private rsa key pair.
[   12.954936] cloud-init[657]: Your identification has been saved in /etc/ssh/ssh_host_rsa_key.
[   12.957046] cloud-init[657]: Your public key has been saved in /etc/ssh/ssh_host_rsa_key.pub.
[   12.958890] cloud-init[657]: The key fingerprint is:
[   12.968264] cloud-init[657]: SHA256:AA/DngjN43q6mNYJAzLsCSkRlC9F6UmH13EJjEuxKV4 root@ubuntu-bionic
[   12.970344] cloud-init[657]: The key's randomart image is:
[   12.971812] cloud-init[657]: +---[RSA 2048]----+
[   12.973227] cloud-init[657]: |o=oo*.=oo..      |
[   12.974476] cloud-init[657]: |o.+=.Xoo..       |
[   12.976245] cloud-init[657]: |.====E+          |
[   12.977381] cloud-init[657]: |Bo++=. .         |
[   12.978436] cloud-init[657]: |*oo.    S        |
[   12.984165] cloud-init[657]: |.=.              |
[   12.984893] cloud-init[657]: | o+ .            |
[   12.985902] cloud-init[657]: |oo o             |
[   12.987003] cloud-init[657]: |=.               |
[   12.992180] cloud-init[657]: +----[SHA256]-----+
[   12.993173] cloud-init[657]: Generating public/private dsa key pair.
[   12.994349] cloud-init[657]: Your identification has been saved in /etc/ssh/ssh_host_dsa_key.
[   13.000220] cloud-init[657]: Your public key has been saved in /etc/ssh/ssh_host_dsa_key.pub.
[   13.002128] cloud-init[657]: The key fingerprint is:
[   13.003360] cloud-init[657]: SHA256:Qf+nRc+sFnBwiHNg0r8NDwTLWxjnf+r2iCLcAAQkL7w root@ubuntu-bionic
[   13.008178] cloud-init[657]: The key's randomart image is:
[   13.009556] cloud-init[657]: +---[DSA 1024]----+
[   13.016183] cloud-init[657]: |  ..o.  o.=+o..  |
[   13.017096] cloud-init[657]: | . o  .. =+*+o   |
[   13.018577] cloud-init[657]: |  o ..  . ==+ o  |
[   13.019811] cloud-init[657]: |   o  .  . ++= + |
[   13.021026] cloud-init[657]: |  E    .S . .*= =|
[   13.032816] cloud-init[657]: |        .   .+o= |
[   13.033961] cloud-init[657]: |       . o  . +  |
[   13.035119] cloud-init[657]: |        o o  +.. |
[   13.036344] cloud-init[657]: |         . ...o..|
[   13.037721] cloud-init[657]: +----[SHA256]-----+
[   13.047062] cloud-init[657]: Generating public/private ecdsa key pair.
[   13.049032] cloud-init[657]: Your identification has been saved in /etc/ssh/ssh_host_ecdsa_key.
[   13.050998] cloud-init[657]: Your public key has been saved in /etc/ssh/ssh_host_ecdsa_key.pub.
[   13.053389] cloud-init[657]: The key fingerprint is:
[   13.054662] cloud-init[657]: SHA256:hcWqB5bFOurj9skFWsY9YR1EOuYNs/5KUMfcDzxngS0 root@ubuntu-bionic
[   13.056949] cloud-init[657]: The key's randomart image is:
[[0;32m  OK  [0m] Started Initial cloud-init job (metadata service crawler).
[   13.060162] [[0;32m  OK  [0m] Reached target System Initialization.
[[0;32m  OK  [0m] Listening on Open-iSCSI iscsid Socket.
cloud-init[657]: +---[ECDSA 256]---+
         Starting Socket activation for snappy daemon.
[   13.065937] [[0;32m  OK  [0m] Listening on D-Bus System Message Bus Socket.
[[0;32m  OK  [0m] Started Discard unused blocks once a week.
[[0;32m  OK  [0m] Listening on UUID daemon activation socket.
[[0;32m  OK  [0m] Started Daily Cleanup of Temporary Directories.
[[0;32m  OK  [0m] Started Message of the Day.
[[0;32m  OK  [0m] Started Daily apt download activities.
[[0;32m  OK  [0m] Started Daily apt upgrade and clean activities.
cloud-init[657]: |       . +=  o.  |
[   13.074832] cloud-init[657]: |        oB.+E .. |
[   13.075950] cloud-init[657]: |       +@.* =.o  |
[   13.076936] cloud-init[657]: |     .**.X   *   |
[   13.077927] cloud-init[657]: |     o*+S .   .  |
         [   13.089801] cloud-init[657]: |    .+.+..       |
[   13.090035] cloud-init[657]: |   ..  .+        |
[   13.090549] cloud-init[657]: |    +. + .       |
[   13.091029] cloud-init[657]: |   o.o+ ...      |
[   13.091668] cloud-init[657]: +----[SHA256]-----+
[   13.092342] cloud-init[657]: Generating public/private ed25519 key pair.
[   13.092681] cloud-init[657]: Your identification has been saved in /etc/ssh/ssh_host_ed25519_key.
[   13.093907] cloud-init[657]: Your public key has been saved in /etc/ssh/ssh_host_ed25519_key.pub.
[   13.094556] cloud-init[657]: The key fingerprint is:
[   13.095344] cloud-init[657]: SHA256:n03dzcZbMCz+9np35hCh8ocKQzK/rpJnnLE2nx1P8t4 root@ubuntu-bionic
[   13.099197] cloud-init[657]: The key's randomart image is:
[   13.099631] cloud-init[657]: +--[ED25519 256]--+
[   13.100115] cloud-init[657]: |                 |
[   13.100580] cloud-init[657]: |             .   |
[   13.101375] cloud-init[657]: |            . =  |
[   13.101925] cloud-init[657]: |           . + B.|
[   13.102379] cloud-init[657]: |      o S . + o B|
[   13.102626] cloud-init[657]: |      .= . * o oo|
[   13.102919] cloud-init[657]: |     o ++ = = =. |
[   13.108273] cloud-init[657]: |    o O  * B + o=|
[   13.108383] cloud-init[657]: |     =.== o.+ E==|
[   13.108431] cloud-init[657]: +----[SHA256]-----+
Starting LXD - unix socket.
[[0;32m  OK  [0m] Started ACPI Events Check.
[[0;32m  OK  [0m] Reached target Paths.
[[0;32m  OK  [0m] Listening on ACPID Listen Socket.
[[0;32m  OK  [0m] Reached target Timers.
[[0;32m  OK  [0m] Reached target Network is Online.
         Starting Availability of block devices...
[[0;32m  OK  [0m] Reached target Remote File Systems (Pre).
[[0;32m  OK  [0m] Reached target Remote File Systems.
[[0;32m  OK  [0m] Reached target Cloud-config availability.
[[0;32m  OK  [0m] Listening on Socket activation for snappy daemon.
[[0;32m  OK  [0m] Listening on LXD - unix socket.
[[0;32m  OK  [0m] Started Availability of block devices.
[[0;32m  OK  [0m] Reached target Sockets.
[[0;32m  OK  [0m] Reached target Basic System.
         Starting Virtualbox guest utils...
         Starting Pollinate to seed the pseudo random number generator...
         Starting Login Service...
[[0;32m  OK  [0m] Started irqbalance daemon.
         Starting LSB: automatic crash report generation...
[[0;32m  OK  [0m] Started Regular background program processing daemon.
         Starting Snappy daemon...
         Starting Permit User Sessions...
         Starting Dispatcher daemon for systemd-networkd...
[[0;32m  OK  [0m] Started FUSE filesystem for LXC.
         Starting Accounts Service...
[[0;32m  OK  [0m] Started Deferred execution scheduler.
         Starting LSB: Record successful boot for GRUB...
         Starting LXD - container startup/shutdown...
[[0;32m  OK  [0m] Started D-Bus System Message Bus.
[[0;32m  OK  [0m] Started Login Service.
[[0;32m  OK  [0m] Started Unattended Upgrades Shutdown.
         Starting System Logging Service...
[[0;32m  OK  [0m] Started Permit User Sessions.
[[0;32m  OK  [0m] Started LXD - container startup/shutdown.
[[0;32m  OK  [0m] Started System Logging Service.
         Starting Authorization Manager...
         Starting Hostname Service...
         Starting Terminate Plymouth Boot Screen...
         Starting Hold until boot process finishes up...
[[0;32m  OK  [0m] Started Hold until boot process finishes up.
         Starting Set console scheme...
[[0;32m  OK  [0m] Started Serial Getty on ttyS0.
[[0;32m  OK  [0m] Started Terminate Plymouth Boot Screen.
[[0;32m  OK  [0m] Started Set console scheme.
[[0;32m  OK  [0m] Created slice system-getty.slice.
[[0;32m  OK  [0m] Started Getty on tty1.
[[0;32m  OK  [0m] Reached target Login Prompts.
[[0;32m  OK  [0m] Started LSB: automatic crash report generation.
[[0;32m  OK  [0m] Started Authorization Manager.
[[0;32m  OK  [0m] Started Accounts Service.
[[0;32m  OK  [0m] Started Dispatcher daemon for systemd-networkd.
[[0;32m  OK  [0m] Started LSB: Record successful boot for GRUB.
[[0;32m  OK  [0m] Started Virtualbox guest utils.
[[0;32m  OK  [0m] Started Hostname Service.
[[0;32m  OK  [0m] Started Snappy daemon.
         Starting Wait until snapd is fully seeded...
[[0;32m  OK  [0m] Started Pollinate to seed the pseudo random number generator.
         Starting OpenBSD Secure Shell server...
[[0;32m  OK  [0m] Started OpenBSD Secure Shell server.
[[0;32m  OK  [0m] Started Wait until snapd is fully seeded.
[[0;32m  OK  [0m] Reached target Multi-User System.
[[0;32m  OK  [0m] Reached target Graphical Interface.
         Starting Update UTMP about System Runlevel Changes...
         Starting Apply the settings specified in cloud-config...
[[0;32m  OK  [0m] Started Update UTMP about System Runlevel Changes.
[   18.605849] cloud-init[1186]: Cloud-init v. 19.1-1-gbaa47854-0ubuntu1~18.04.1 running 'modules:config' at Wed, 05 Feb 2025 20:40:03 +0000. Up 18.07 seconds.
[[0;32m  OK  [0m] Started Apply the settings specified in cloud-config.
         Starting Execute cloud user/final scripts...
ci-info: no authorized ssh keys fingerprints found for user ubuntu.
<14>Feb  5 20:40:05 ec2: 
<14>Feb  5 20:40:05 ec2: #############################################################
<14>Feb  5 20:40:05 ec2: -----BEGIN SSH HOST KEY FINGERPRINTS-----
<14>Feb  5 20:40:05 ec2: 1024 SHA256:Qf+nRc+sFnBwiHNg0r8NDwTLWxjnf+r2iCLcAAQkL7w root@ubuntu-bionic (DSA)
<14>Feb  5 20:40:05 ec2: 256 SHA256:hcWqB5bFOurj9skFWsY9YR1EOuYNs/5KUMfcDzxngS0 root@ubuntu-bionic (ECDSA)
<14>Feb  5 20:40:05 ec2: 256 SHA256:n03dzcZbMCz+9np35hCh8ocKQzK/rpJnnLE2nx1P8t4 root@ubuntu-bionic (ED25519)
<14>Feb  5 20:40:05 ec2: 2048 SHA256:AA/DngjN43q6mNYJAzLsCSkRlC9F6UmH13EJjEuxKV4 root@ubuntu-bionic (RSA)
<14>Feb  5 20:40:05 ec2: -----END SSH HOST KEY FINGERPRINTS-----
<14>Feb  5 20:40:05 ec2: #############################################################
-----BEGIN SSH HOST KEY KEYS-----
ecdsa-sha2-nistp256 AAAAE2VjZHNhLXNoYTItbmlzdHAyNTYAAAAIbmlzdHAyNTYAAABBBKuUCrE4C/NncmFebXDWnG0OT2fns1WbreZiSenMbnv2Dq5jt7oMn8yt2PP2y0QXbnFzx0BYgNJIWjO1jqLC6mI= root@ubuntu-bionic
ssh-ed25519 AAAAC3NzaC1lZDI1NTE5AAAAIDR2qtkEXRjrw5SG3SVQ6U8MZFiAcbEz+jg84oSUJ3lf root@ubuntu-bionic
ssh-rsa AAAAB3NzaC1yc2EAAAADAQABAAABAQDkPQ0OiIoAmT7ljbG1ZPLkQQkXNx4thHGekU7HXPuzf2s9JnN6lcwaaygz2dzu5Rwlap1dHRI0KIPSR8hLc913XmXrrA/X5AqMxWQUF1PT2nwpUx9mBrojGnnRYne8md/a0iPhzS+8BcdwXKSVAdpQX/MTWXXPdFh6z+G9KOsjNHKYyhmHYgd0wf2lUGW5doknsvExnDuDy/hr582MCrcj6nxDNoqapvGFJOa8v8r7HHzHMjFjvuOfw38sttACy0qz6kRfNWxBOe+GwxCvEEYdRsvOzReKkw4gfHHY+3oz+r4tmUXsA9Z6wo/Nt1GZEbkMVWopwZMf4x9rv0kOmtT/ root@ubuntu-bionic
-----END SSH HOST KEY KEYS-----
[   19.504662] cloud-init[1252]: Cloud-init v. 19.1-1-gbaa47854-0ubuntu1~18.04.1 running 'modules:final' at Wed, 05 Feb 2025 20:40:05 +0000. Up 19.28 seconds.
[   19.504737] cloud-init[1252]: ci-info: no authorized ssh keys fingerprints found for user ubuntu.
[   19.504784] cloud-init[1252]: Cloud-init v. 19.1-1-gbaa47854-0ubuntu1~18.04.1 finished at Wed, 05 Feb 2025 20:40:05 +0000. Datasource DataSourceNoCloud [seed=/dev/sdb][dsmode=net].  Up 19.48 seconds

Ubuntu 18.04.2 LTS ubuntu-bionic ttyS0

ubuntu-bionic login: 